[20-Apr-2018 10:20:12 UTC] PHP Notice:  Undefined index: SERVER_SOFTWARE in phar:///usr/local/bin/wp/php/WP_CLI/Runner.php(1020) : eval()'d code on line 75
[20-Apr-2018 10:20:14 UTC] PHP Notice:  Undefined index: SERVER_SOFTWARE in phar:///usr/local/bin/wp/php/WP_CLI/Runner.php(1020) : eval()'d code on line 75
[20-Apr-2018 10:20:17 UTC] PHP Notice:  Undefined index: SERVER_SOFTWARE in phar:///usr/local/bin/wp/php/WP_CLI/Runner.php(1020) : eval()'d code on line 75
[20-Apr-2018 10:20:17 UTC] PHP Notice:  Undefined index: SERVER_SOFTWARE in phar:///usr/local/bin/wp/php/WP_CLI/Runner.php(1020) : eval()'d code on line 75
[20-Apr-2018 10:20:19 UTC] PHP Notice:  Undefined index: SERVER_SOFTWARE in phar:///usr/local/bin/wp/php/WP_CLI/Runner.php(1020) : eval()'d code on line 75
[20-Apr-2018 10:20:19 UTC] PHP Notice:  Undefined index: SERVER_SOFTWARE in phar:///usr/local/bin/wp/php/WP_CLI/Runner.php(1020) : eval()'d code on line 75
[20-Apr-2018 10:31:27 UTC] PHP Parse error:  syntax error, unexpected ';', expecting ',' or ')' in /app/public/base-pokemon.php on line 7
[20-Apr-2018 10:39:28 UTC] PHP Fatal error:  Uncaught Error: Call to a member function fetch() on boolean in /app/public/base-pokemon.php:64
Stack trace:
#0 {main}
  thrown in /app/public/base-pokemon.php on line 64
[20-Apr-2018 10:39:31 UTC] PHP Fatal error:  Uncaught Error: Call to a member function fetch() on boolean in /app/public/base-pokemon.php:64
Stack trace:
#0 {main}
  thrown in /app/public/base-pokemon.php on line 64
[20-Apr-2018 10:40:08 UTC] PHP Fatal error:  Uncaught Error: Call to a member function fetch() on boolean in /app/public/base-pokemon.php:64
Stack trace:
#0 {main}
  thrown in /app/public/base-pokemon.php on line 64
[20-Apr-2018 10:43:45 UTC] PHP Fatal error:  Uncaught Error: Call to a member function fetch() on boolean in /app/public/base-pokemon.php:64
Stack trace:
#0 {main}
  thrown in /app/public/base-pokemon.php on line 64
[20-Apr-2018 10:48:58 UTC] PHP Fatal error:  Uncaught Error: Call to a member function fetch() on boolean in /app/public/base-pokemon.php:63
Stack trace:
#0 {main}
  thrown in /app/public/base-pokemon.php on line 63
[20-Apr-2018 10:49:31 UTC] PHP Fatal error:  Uncaught Error: Call to a member function fetch() on boolean in /app/public/base-pokemon.php:63
Stack trace:
#0 {main}
  thrown in /app/public/base-pokemon.php on line 63
[20-Apr-2018 10:49:31 UTC] PHP Fatal error:  Uncaught Error: Call to a member function fetch() on boolean in /app/public/base-pokemon.php:63
Stack trace:
#0 {main}
  thrown in /app/public/base-pokemon.php on line 63
[20-Apr-2018 10:49:32 UTC] PHP Fatal error:  Uncaught Error: Call to a member function fetch() on boolean in /app/public/base-pokemon.php:63
Stack trace:
#0 {main}
  thrown in /app/public/base-pokemon.php on line 63
[20-Apr-2018 10:49:32 UTC] PHP Fatal error:  Uncaught Error: Call to a member function fetch() on boolean in /app/public/base-pokemon.php:63
Stack trace:
#0 {main}
  thrown in /app/public/base-pokemon.php on line 63
[20-Apr-2018 10:49:32 UTC] PHP Fatal error:  Uncaught Error: Call to a member function fetch() on boolean in /app/public/base-pokemon.php:63
Stack trace:
#0 {main}
  thrown in /app/public/base-pokemon.php on line 63
[20-Apr-2018 10:49:32 UTC] PHP Fatal error:  Uncaught Error: Call to a member function fetch() on boolean in /app/public/base-pokemon.php:63
Stack trace:
#0 {main}
  thrown in /app/public/base-pokemon.php on line 63
[07-May-2018 09:17:26 UTC] PHP Notice:  Undefined variable: donnees in /app/public/base-pokemon.php on line 76
[07-May-2018 09:17:26 UTC] PHP Notice:  Undefined variable: donnees in /app/public/base-pokemon.php on line 79
[09-May-2018 14:33:57 UTC] PHP Fatal error:  Uncaught Error: Cannot use object of type PDOStatement as array in /app/public/base-pokemon.php:77
Stack trace:
#0 {main}
  thrown in /app/public/base-pokemon.php on line 77
[09-May-2018 14:33:59 UTC] PHP Fatal error:  Uncaught Error: Cannot use object of type PDOStatement as array in /app/public/base-pokemon.php:77
Stack trace:
#0 {main}
  thrown in /app/public/base-pokemon.php on line 77
[09-May-2018 14:34:37 UTC] PHP Fatal error:  Uncaught Error: Cannot use object of type PDOStatement as array in /app/public/base-pokemon.php:77
Stack trace:
#0 {main}
  thrown in /app/public/base-pokemon.php on line 77
[09-May-2018 14:38:57 UTC] PHP Fatal error:  Uncaught Error: Cannot use object of type PDOStatement as array in /app/public/base-pokemon.php:19
Stack trace:
#0 {main}
  thrown in /app/public/base-pokemon.php on line 19
[09-May-2018 14:39:33 UTC] PHP Fatal error:  Uncaught Error: Cannot use object of type PDOStatement as array in /app/public/base-pokemon.php:75
Stack trace:
#0 {main}
  thrown in /app/public/base-pokemon.php on line 75
[09-May-2018 14:39:35 UTC] PHP Fatal error:  Uncaught Error: Cannot use object of type PDOStatement as array in /app/public/base-pokemon.php:75
Stack trace:
#0 {main}
  thrown in /app/public/base-pokemon.php on line 75
[09-May-2018 14:39:38 UTC] PHP Fatal error:  Uncaught Error: Cannot use object of type PDOStatement as array in /app/public/base-pokemon.php:75
Stack trace:
#0 {main}
  thrown in /app/public/base-pokemon.php on line 75
[09-May-2018 14:39:38 UTC] PHP Fatal error:  Uncaught Error: Cannot use object of type PDOStatement as array in /app/public/base-pokemon.php:75
Stack trace:
#0 {main}
  thrown in /app/public/base-pokemon.php on line 75
[09-May-2018 14:39:39 UTC] PHP Fatal error:  Uncaught Error: Cannot use object of type PDOStatement as array in /app/public/base-pokemon.php:75
Stack trace:
#0 {main}
  thrown in /app/public/base-pokemon.php on line 75
[09-May-2018 14:39:40 UTC] PHP Fatal error:  Uncaught Error: Cannot use object of type PDOStatement as array in /app/public/base-pokemon.php:75
Stack trace:
#0 {main}
  thrown in /app/public/base-pokemon.php on line 75
[09-May-2018 15:27:39 UTC] PHP Fatal error:  Uncaught Error: Cannot use object of type PDOStatement as array in /app/public/base-pokemon.php:78
Stack trace:
#0 {main}
  thrown in /app/public/base-pokemon.php on line 78
[09-May-2018 15:27:40 UTC] PHP Fatal error:  Uncaught Error: Cannot use object of type PDOStatement as array in /app/public/base-pokemon.php:78
Stack trace:
#0 {main}
  thrown in /app/public/base-pokemon.php on line 78
[09-May-2018 15:32:59 UTC] PHP Fatal error:  Uncaught Error: Cannot use object of type PDOStatement as array in /app/public/base-pokemon.php:78
Stack trace:
#0 {main}
  thrown in /app/public/base-pokemon.php on line 78
[09-May-2018 16:36:43 UTC] PHP Fatal error:  Uncaught Error: Cannot use object of type PDOStatement as array in /app/public/base-pokemon.php:78
Stack trace:
#0 {main}
  thrown in /app/public/base-pokemon.php on line 78
[09-May-2018 16:40:01 UTC] PHP Fatal error:  Uncaught Error: Cannot use object of type PDOStatement as array in /app/public/base-pokemon.php:78
Stack trace:
#0 {main}
  thrown in /app/public/base-pokemon.php on line 78
[09-May-2018 16:42:41 UTC] PHP Fatal error:  Uncaught Error: Cannot use object of type PDOStatement as array in /app/public/base-pokemon.php:78
Stack trace:
#0 {main}
  thrown in /app/public/base-pokemon.php on line 78
[09-May-2018 16:42:46 UTC] PHP Fatal error:  Uncaught Error: Cannot use object of type PDOStatement as array in /app/public/base-pokemon.php:78
Stack trace:
#0 {main}
  thrown in /app/public/base-pokemon.php on line 78
[09-May-2018 16:44:58 UTC] PHP Parse error:  syntax error, unexpected '}', expecting end of file in /app/public/base-pokemon.php on line 85
